c:\users\administrator\desktop\hyxdhack\release\vc141.pdb
c:\users\administrator\desktop\hyxdhack\release\cfw1textgeometry.obj
c:\users\administrator\desktop\hyxdhack\release\cfw1statesaver.obj
c:\users\administrator\desktop\hyxdhack\release\cfw1glyphvertexdrawerinterface.obj
c:\users\administrator\desktop\hyxdhack\release\cfw1glyphvertexdrawer.obj
c:\users\administrator\desktop\hyxdhack\release\cfw1glyphsheetinterface.obj
c:\users\administrator\desktop\hyxdhack\release\cfw1glyphsheet.obj
c:\users\administrator\desktop\hyxdhack\release\cfw1glyphrenderstatesinterface.obj
c:\users\administrator\desktop\hyxdhack\release\cfw1glyphrenderstates.obj
c:\users\administrator\desktop\hyxdhack\release\cfw1glyphproviderinterface.obj
c:\users\administrator\desktop\hyxdhack\release\cfw1glyphprovider.obj
c:\users\administrator\desktop\hyxdhack\release\cfw1glyphatlasinterface.obj
c:\users\administrator\desktop\hyxdhack\release\cfw1glyphatlas.obj
c:\users\administrator\desktop\hyxdhack\release\cfw1fontwrapperinterface.obj
c:\users\administrator\desktop\hyxdhack\release\cfw1fontwrapper.obj
c:\users\administrator\desktop\hyxdhack\release\cfw1factoryinterface.obj
c:\users\administrator\desktop\hyxdhack\release\cfw1factory.obj
c:\users\administrator\desktop\hyxdhack\release\cfw1dwriterendertargetinterface.obj
c:\users\administrator\desktop\hyxdhack\release\cfw1dwriterendertarget.obj
c:\users\administrator\desktop\hyxdhack\release\cfw1colorrgbainterface.obj
c:\users\administrator\desktop\hyxdhack\release\cfw1colorrgba.obj
c:\users\administrator\desktop\hyxdhack\release\universal.obj
c:\users\administrator\desktop\hyxdhack\release\fw1precompiled.obj
c:\users\administrator\desktop\hyxdhack\release\fw1fontwrapper.obj
c:\users\administrator\desktop\hyxdhack\release\cfw1textrendererinterface.obj
c:\users\administrator\desktop\hyxdhack\release\cfw1textrenderer.obj
c:\users\administrator\desktop\hyxdhack\release\cfw1textgeometryinterface.obj
c:\users\administrator\desktop\hyxdhack\release\trampoline.obj
c:\users\administrator\desktop\hyxdhack\release\hook.obj
c:\users\administrator\desktop\hyxdhack\release\hde64.obj
c:\users\administrator\desktop\hyxdhack\release\hde32.obj
c:\users\administrator\desktop\hyxdhack\release\buffer.obj
c:\users\administrator\desktop\hyxdhack\release\d3d11hook.lib
c:\users\administrator\desktop\hyxdhack\release\d3d11hook.exp
c:\users\administrator\desktop\hyxdhack\release\d3d11hook.ipdb
c:\users\administrator\desktop\hyxdhack\release\d3d11hook.iobj
c:\users\administrator\desktop\hyxdhack\release\d3d11hook.dll
c:\users\administrator\desktop\hyxdhack\release\d3d11hook.pdb
c:\users\administrator\desktop\hyxdhack\release\d3d11hook.tlog\cl.command.1.tlog
c:\users\administrator\desktop\hyxdhack\release\d3d11hook.tlog\cl.read.1.tlog
c:\users\administrator\desktop\hyxdhack\release\d3d11hook.tlog\cl.write.1.tlog
c:\users\administrator\desktop\hyxdhack\release\d3d11hook.tlog\d3d11hook.write.1u.tlog
c:\users\administrator\desktop\hyxdhack\release\d3d11hook.tlog\link.command.1.tlog
c:\users\administrator\desktop\hyxdhack\release\d3d11hook.tlog\link.read.1.tlog
c:\users\administrator\desktop\hyxdhack\release\d3d11hook.tlog\link.write.1.tlog
